2020-01-16 22:17:09,511 INFO [main] o.a.n.b.NotificationServiceManager Successfully loaded the following 0 services: []
2020-01-16 22:17:09,542 INFO [main] org.apache.nifi.bootstrap.RunNiFi Registered no Notification Services for Notification Type NIFI_STARTED
2020-01-16 22:17:09,543 INFO [main] org.apache.nifi.bootstrap.RunNiFi Registered no Notification Services for Notification Type NIFI_STOPPED
2020-01-16 22:17:09,543 INFO [main] org.apache.nifi.bootstrap.RunNiFi Registered no Notification Services for Notification Type NIFI_DIED
2020-01-16 22:17:09,590 INFO [main] org.apache.nifi.bootstrap.RunNiFi Runtime Java version: 1.8.0_232
2020-01-16 22:17:09,719 INFO [main] org.apache.nifi.bootstrap.Command Starting Apache NiFi...
2020-01-16 22:17:09,722 INFO [main] org.apache.nifi.bootstrap.Command Working Directory: /home/thierno/esigelec-ue-lsp-projet/nifi-1.10.0
2020-01-16 22:17:09,724 INFO [main] org.apache.nifi.bootstrap.Command Command: /usr/lib/jvm/java-8-openjdk-amd64/bin/java -classpath /home/thierno/esigelec-ue-lsp-projet/nifi-1.10.0/./conf:/home/thierno/esigelec-ue-lsp-projet/nifi-1.10.0/./lib/javax.servlet-api-3.1.0.jar:/home/thierno/esigelec-ue-lsp-projet/nifi-1.10.0/./lib/jcl-over-slf4j-1.7.26.jar:/home/thierno/esigelec-ue-lsp-projet/nifi-1.10.0/./lib/jetty-schemas-3.1.jar:/home/thierno/esigelec-ue-lsp-projet/nifi-1.10.0/./lib/jul-to-slf4j-1.7.26.jar:/home/thierno/esigelec-ue-lsp-projet/nifi-1.10.0/./lib/log4j-over-slf4j-1.7.26.jar:/home/thierno/esigelec-ue-lsp-projet/nifi-1.10.0/./lib/logback-classic-1.2.3.jar:/home/thierno/esigelec-ue-lsp-projet/nifi-1.10.0/./lib/logback-core-1.2.3.jar:/home/thierno/esigelec-ue-lsp-projet/nifi-1.10.0/./lib/nifi-api-1.10.0.jar:/home/thierno/esigelec-ue-lsp-projet/nifi-1.10.0/./lib/nifi-framework-api-1.10.0.jar:/home/thierno/esigelec-ue-lsp-projet/nifi-1.10.0/./lib/nifi-nar-utils-1.10.0.jar:/home/thierno/esigelec-ue-lsp-projet/nifi-1.10.0/./lib/nifi-properties-1.10.0.jar:/home/thierno/esigelec-ue-lsp-projet/nifi-1.10.0/./lib/nifi-runtime-1.10.0.jar:/home/thierno/esigelec-ue-lsp-projet/nifi-1.10.0/./lib/slf4j-api-1.7.26.jar -Dorg.apache.jasper.compiler.disablejsr199=true -Xmx512m -Xms512m -Djavax.security.auth.useSubjectCredsOnly=true -Djava.security.egd=file:/dev/urandom -Dsun.net.http.allowRestrictedHeaders=true -Djava.net.preferIPv4Stack=true -Djava.awt.headless=true -Djava.protocol.handler.pkgs=sun.net.www.protocol -Dnifi.properties.file.path=/home/thierno/esigelec-ue-lsp-projet/nifi-1.10.0/./conf/nifi.properties -Dnifi.bootstrap.listen.port=4958 -Dapp=NiFi -Dorg.apache.nifi.bootstrap.config.log.dir=/home/thierno/esigelec-ue-lsp-projet/nifi-1.10.0/logs org.apache.nifi.NiFi 
2020-01-16 22:17:10,022 INFO [main] org.apache.nifi.bootstrap.Command Launched Apache NiFi with Process ID 581
2020-01-16 22:17:13,664 INFO [NiFi Bootstrap Command Listener] org.apache.nifi.bootstrap.RunNiFi Apache NiFi now running and listening for Bootstrap requests on port 4959
2020-01-16 22:21:32,771 INFO [main] o.a.n.b.NotificationServiceManager Successfully loaded the following 0 services: []
2020-01-16 22:21:32,779 INFO [main] org.apache.nifi.bootstrap.RunNiFi Registered no Notification Services for Notification Type NIFI_STARTED
2020-01-16 22:21:32,780 INFO [main] org.apache.nifi.bootstrap.RunNiFi Registered no Notification Services for Notification Type NIFI_STOPPED
2020-01-16 22:21:32,780 INFO [main] org.apache.nifi.bootstrap.RunNiFi Registered no Notification Services for Notification Type NIFI_DIED
2020-01-16 22:21:32,787 INFO [main] org.apache.nifi.bootstrap.RunNiFi Runtime Java version: 1.8.0_232
2020-01-16 22:21:32,815 INFO [main] org.apache.nifi.bootstrap.Command Starting Apache NiFi...
2020-01-16 22:21:32,817 INFO [main] org.apache.nifi.bootstrap.Command Working Directory: /home/thierno/esigelec-ue-lsp-projet/nifi-1.10.0
2020-01-16 22:21:32,818 INFO [main] org.apache.nifi.bootstrap.Command Command: /usr/lib/jvm/java-8-openjdk-amd64/bin/java -classpath /home/thierno/esigelec-ue-lsp-projet/nifi-1.10.0/./conf:/home/thierno/esigelec-ue-lsp-projet/nifi-1.10.0/./lib/javax.servlet-api-3.1.0.jar:/home/thierno/esigelec-ue-lsp-projet/nifi-1.10.0/./lib/jcl-over-slf4j-1.7.26.jar:/home/thierno/esigelec-ue-lsp-projet/nifi-1.10.0/./lib/jetty-schemas-3.1.jar:/home/thierno/esigelec-ue-lsp-projet/nifi-1.10.0/./lib/jul-to-slf4j-1.7.26.jar:/home/thierno/esigelec-ue-lsp-projet/nifi-1.10.0/./lib/log4j-over-slf4j-1.7.26.jar:/home/thierno/esigelec-ue-lsp-projet/nifi-1.10.0/./lib/logback-classic-1.2.3.jar:/home/thierno/esigelec-ue-lsp-projet/nifi-1.10.0/./lib/logback-core-1.2.3.jar:/home/thierno/esigelec-ue-lsp-projet/nifi-1.10.0/./lib/nifi-api-1.10.0.jar:/home/thierno/esigelec-ue-lsp-projet/nifi-1.10.0/./lib/nifi-framework-api-1.10.0.jar:/home/thierno/esigelec-ue-lsp-projet/nifi-1.10.0/./lib/nifi-nar-utils-1.10.0.jar:/home/thierno/esigelec-ue-lsp-projet/nifi-1.10.0/./lib/nifi-properties-1.10.0.jar:/home/thierno/esigelec-ue-lsp-projet/nifi-1.10.0/./lib/nifi-runtime-1.10.0.jar:/home/thierno/esigelec-ue-lsp-projet/nifi-1.10.0/./lib/slf4j-api-1.7.26.jar -Dorg.apache.jasper.compiler.disablejsr199=true -Xmx512m -Xms512m -Djavax.security.auth.useSubjectCredsOnly=true -Djava.security.egd=file:/dev/urandom -Dsun.net.http.allowRestrictedHeaders=true -Djava.net.preferIPv4Stack=true -Djava.awt.headless=true -Djava.protocol.handler.pkgs=sun.net.www.protocol -Dnifi.properties.file.path=/home/thierno/esigelec-ue-lsp-projet/nifi-1.10.0/./conf/nifi.properties -Dnifi.bootstrap.listen.port=4999 -Dapp=NiFi -Dorg.apache.nifi.bootstrap.config.log.dir=/home/thierno/esigelec-ue-lsp-projet/nifi-1.10.0/logs org.apache.nifi.NiFi 
2020-01-16 22:21:33,007 INFO [main] org.apache.nifi.bootstrap.Command Launched Apache NiFi with Process ID 646
2020-01-16 22:21:35,365 INFO [NiFi Bootstrap Command Listener] org.apache.nifi.bootstrap.RunNiFi Apache NiFi now running and listening for Bootstrap requests on port 5001
2020-01-16 22:27:47,586 INFO [main] o.a.n.b.NotificationServiceManager Successfully loaded the following 0 services: []
2020-01-16 22:27:47,619 INFO [main] org.apache.nifi.bootstrap.RunNiFi Registered no Notification Services for Notification Type NIFI_STARTED
2020-01-16 22:27:47,620 INFO [main] org.apache.nifi.bootstrap.RunNiFi Registered no Notification Services for Notification Type NIFI_STOPPED
2020-01-16 22:27:47,620 INFO [main] org.apache.nifi.bootstrap.RunNiFi Registered no Notification Services for Notification Type NIFI_DIED
2020-01-16 22:27:48,567 INFO [main] org.apache.nifi.bootstrap.Command Apache NiFi is currently running, listening to Bootstrap on port 5001, PID=646
