2020-01-17 00:46:09,083 INFO [main] o.a.n.b.NotificationServiceManager Successfully loaded the following 0 services: []
2020-01-17 00:46:09,137 INFO [main] org.apache.nifi.bootstrap.RunNiFi Registered no Notification Services for Notification Type NIFI_STARTED
2020-01-17 00:46:09,137 INFO [main] org.apache.nifi.bootstrap.RunNiFi Registered no Notification Services for Notification Type NIFI_STOPPED
2020-01-17 00:46:09,138 INFO [main] org.apache.nifi.bootstrap.RunNiFi Registered no Notification Services for Notification Type NIFI_DIED
2020-01-17 00:46:11,736 INFO [main] org.apache.nifi.bootstrap.RunNiFi Runtime Java version: 1.8.0_232
2020-01-17 00:46:11,844 INFO [main] org.apache.nifi.bootstrap.Command Starting Apache NiFi...
2020-01-17 00:46:11,848 INFO [main] org.apache.nifi.bootstrap.Command Working Directory: /home/thierno/esigelec-ue-lsp-projet/nifi-1.10.0
2020-01-17 00:46:11,850 INFO [main] org.apache.nifi.bootstrap.Command Command: /usr/lib/jvm/java-8-openjdk-amd64/bin/java -classpath /home/thierno/esigelec-ue-lsp-projet/nifi-1.10.0/./conf:/home/thierno/esigelec-ue-lsp-projet/nifi-1.10.0/./lib/javax.servlet-api-3.1.0.jar:/home/thierno/esigelec-ue-lsp-projet/nifi-1.10.0/./lib/jcl-over-slf4j-1.7.26.jar:/home/thierno/esigelec-ue-lsp-projet/nifi-1.10.0/./lib/jetty-schemas-3.1.jar:/home/thierno/esigelec-ue-lsp-projet/nifi-1.10.0/./lib/jul-to-slf4j-1.7.26.jar:/home/thierno/esigelec-ue-lsp-projet/nifi-1.10.0/./lib/log4j-over-slf4j-1.7.26.jar:/home/thierno/esigelec-ue-lsp-projet/nifi-1.10.0/./lib/logback-classic-1.2.3.jar:/home/thierno/esigelec-ue-lsp-projet/nifi-1.10.0/./lib/logback-core-1.2.3.jar:/home/thierno/esigelec-ue-lsp-projet/nifi-1.10.0/./lib/nifi-api-1.10.0.jar:/home/thierno/esigelec-ue-lsp-projet/nifi-1.10.0/./lib/nifi-framework-api-1.10.0.jar:/home/thierno/esigelec-ue-lsp-projet/nifi-1.10.0/./lib/nifi-nar-utils-1.10.0.jar:/home/thierno/esigelec-ue-lsp-projet/nifi-1.10.0/./lib/nifi-properties-1.10.0.jar:/home/thierno/esigelec-ue-lsp-projet/nifi-1.10.0/./lib/nifi-runtime-1.10.0.jar:/home/thierno/esigelec-ue-lsp-projet/nifi-1.10.0/./lib/slf4j-api-1.7.26.jar -Dorg.apache.jasper.compiler.disablejsr199=true -Xmx512m -Xms512m -Djavax.security.auth.useSubjectCredsOnly=true -Djava.security.egd=file:/dev/urandom -Dsun.net.http.allowRestrictedHeaders=true -Djava.net.preferIPv4Stack=true -Djava.awt.headless=true -Djava.protocol.handler.pkgs=sun.net.www.protocol -Dnifi.properties.file.path=/home/thierno/esigelec-ue-lsp-projet/nifi-1.10.0/./conf/nifi.properties -Dnifi.bootstrap.listen.port=1811 -Dapp=NiFi -Dorg.apache.nifi.bootstrap.config.log.dir=/home/thierno/esigelec-ue-lsp-projet/nifi-1.10.0/logs org.apache.nifi.NiFi 
2020-01-17 00:46:12,317 INFO [main] org.apache.nifi.bootstrap.Command Launched Apache NiFi with Process ID 177
2020-01-17 00:46:16,877 INFO [NiFi Bootstrap Command Listener] org.apache.nifi.bootstrap.RunNiFi Apache NiFi now running and listening for Bootstrap requests on port 1816
2020-01-17 00:47:54,536 INFO [main] o.a.n.b.NotificationServiceManager Successfully loaded the following 0 services: []
2020-01-17 00:47:54,545 INFO [main] org.apache.nifi.bootstrap.RunNiFi Registered no Notification Services for Notification Type NIFI_STARTED
2020-01-17 00:47:54,545 INFO [main] org.apache.nifi.bootstrap.RunNiFi Registered no Notification Services for Notification Type NIFI_STOPPED
2020-01-17 00:47:54,546 INFO [main] org.apache.nifi.bootstrap.RunNiFi Registered no Notification Services for Notification Type NIFI_DIED
2020-01-17 00:47:54,576 INFO [main] org.apache.nifi.bootstrap.Command Apache NiFi is currently running, listening to Bootstrap on port 1816, PID=177
2020-01-17 01:45:16,977 INFO [main] o.a.n.b.NotificationServiceManager Successfully loaded the following 0 services: []
2020-01-17 01:45:17,024 INFO [main] org.apache.nifi.bootstrap.RunNiFi Registered no Notification Services for Notification Type NIFI_STARTED
2020-01-17 01:45:17,025 INFO [main] org.apache.nifi.bootstrap.RunNiFi Registered no Notification Services for Notification Type NIFI_STOPPED
2020-01-17 01:45:17,025 INFO [main] org.apache.nifi.bootstrap.RunNiFi Registered no Notification Services for Notification Type NIFI_DIED
2020-01-17 01:45:19,417 INFO [main] org.apache.nifi.bootstrap.RunNiFi Runtime Java version: 1.8.0_232
2020-01-17 01:45:19,477 INFO [main] org.apache.nifi.bootstrap.Command Starting Apache NiFi...
2020-01-17 01:45:19,481 INFO [main] org.apache.nifi.bootstrap.Command Working Directory: /home/thierno/esigelec-ue-lsp-projet/nifi-1.10.0
2020-01-17 01:45:19,482 INFO [main] org.apache.nifi.bootstrap.Command Command: /usr/lib/jvm/java-8-openjdk-amd64/bin/java -classpath /home/thierno/esigelec-ue-lsp-projet/nifi-1.10.0/./conf:/home/thierno/esigelec-ue-lsp-projet/nifi-1.10.0/./lib/javax.servlet-api-3.1.0.jar:/home/thierno/esigelec-ue-lsp-projet/nifi-1.10.0/./lib/jcl-over-slf4j-1.7.26.jar:/home/thierno/esigelec-ue-lsp-projet/nifi-1.10.0/./lib/jetty-schemas-3.1.jar:/home/thierno/esigelec-ue-lsp-projet/nifi-1.10.0/./lib/jul-to-slf4j-1.7.26.jar:/home/thierno/esigelec-ue-lsp-projet/nifi-1.10.0/./lib/log4j-over-slf4j-1.7.26.jar:/home/thierno/esigelec-ue-lsp-projet/nifi-1.10.0/./lib/logback-classic-1.2.3.jar:/home/thierno/esigelec-ue-lsp-projet/nifi-1.10.0/./lib/logback-core-1.2.3.jar:/home/thierno/esigelec-ue-lsp-projet/nifi-1.10.0/./lib/nifi-api-1.10.0.jar:/home/thierno/esigelec-ue-lsp-projet/nifi-1.10.0/./lib/nifi-framework-api-1.10.0.jar:/home/thierno/esigelec-ue-lsp-projet/nifi-1.10.0/./lib/nifi-nar-utils-1.10.0.jar:/home/thierno/esigelec-ue-lsp-projet/nifi-1.10.0/./lib/nifi-properties-1.10.0.jar:/home/thierno/esigelec-ue-lsp-projet/nifi-1.10.0/./lib/nifi-runtime-1.10.0.jar:/home/thierno/esigelec-ue-lsp-projet/nifi-1.10.0/./lib/slf4j-api-1.7.26.jar -Dorg.apache.jasper.compiler.disablejsr199=true -Xmx512m -Xms512m -Djavax.security.auth.useSubjectCredsOnly=true -Djava.security.egd=file:/dev/urandom -Dsun.net.http.allowRestrictedHeaders=true -Djava.net.preferIPv4Stack=true -Djava.awt.headless=true -Djava.protocol.handler.pkgs=sun.net.www.protocol -Dnifi.properties.file.path=/home/thierno/esigelec-ue-lsp-projet/nifi-1.10.0/./conf/nifi.properties -Dnifi.bootstrap.listen.port=1636 -Dapp=NiFi -Dorg.apache.nifi.bootstrap.config.log.dir=/home/thierno/esigelec-ue-lsp-projet/nifi-1.10.0/logs org.apache.nifi.NiFi 
2020-01-17 01:45:19,740 INFO [main] org.apache.nifi.bootstrap.Command Launched Apache NiFi with Process ID 62
2020-01-17 01:45:22,540 INFO [NiFi Bootstrap Command Listener] org.apache.nifi.bootstrap.RunNiFi Apache NiFi now running and listening for Bootstrap requests on port 1637
2020-01-17 01:52:50,150 INFO [main] o.a.n.b.NotificationServiceManager Successfully loaded the following 0 services: []
2020-01-17 01:52:50,159 INFO [main] org.apache.nifi.bootstrap.RunNiFi Registered no Notification Services for Notification Type NIFI_STARTED
2020-01-17 01:52:50,159 INFO [main] org.apache.nifi.bootstrap.RunNiFi Registered no Notification Services for Notification Type NIFI_STOPPED
2020-01-17 01:52:50,160 INFO [main] org.apache.nifi.bootstrap.RunNiFi Registered no Notification Services for Notification Type NIFI_DIED
2020-01-17 01:52:50,194 INFO [main] org.apache.nifi.bootstrap.Command Apache NiFi is already running, listening to Bootstrap on port 1637
2020-01-17 01:53:20,431 INFO [main] o.a.n.b.NotificationServiceManager Successfully loaded the following 0 services: []
2020-01-17 01:53:20,439 INFO [main] org.apache.nifi.bootstrap.RunNiFi Registered no Notification Services for Notification Type NIFI_STARTED
2020-01-17 01:53:20,439 INFO [main] org.apache.nifi.bootstrap.RunNiFi Registered no Notification Services for Notification Type NIFI_STOPPED
2020-01-17 01:53:20,440 INFO [main] org.apache.nifi.bootstrap.RunNiFi Registered no Notification Services for Notification Type NIFI_DIED
2020-01-17 01:53:20,470 INFO [main] org.apache.nifi.bootstrap.Command Apache NiFi is currently running, listening to Bootstrap on port 1637, PID=62
